<?xml version="1.0" encoding="UTF-8"?>
<!-- Generated by org.testng.reporters.JUnitReportReporter -->
<testsuite hostname="SPNXIN-4CDJ924" failures="0" tests="1" name="day3.LoggingDemo" time="1.470" errors="0" timestamp="2024-07-11T22:56:04 IST" skipped="0">
  <testcase classname="day3.LoggingDemo" name="testLogs" time="1.470"/>
</testsuite> <!-- day3.LoggingDemo -->
