<?xml version="1.0" encoding="UTF-8"?>
<!-- Generated by org.testng.reporters.JUnitReportReporter -->
<testsuite hostname="SPNXIN-4CDJ924" failures="0" tests="1" name="day8.GetUser" time="1.642" errors="0" timestamp="2024-07-18T01:07:08 IST" skipped="0">
  <testcase classname="day8.GetUser" name="getUser" time="1.642"/>
</testsuite> <!-- day8.GetUser -->
