<?xml version="1.0" encoding="UTF-8"?>
<!-- Generated by org.testng.reporters.JUnitReportReporter -->
<testsuite hostname="SPNXIN-4CDJ924" failures="0" tests="1" name="day8.CreateUser" time="4.801" errors="0" timestamp="2024-07-18T01:07:08 IST" skipped="0">
  <testcase classname="day8.CreateUser" name="test_createUser" time="4.801"/>
</testsuite> <!-- day8.CreateUser -->
