<?xml version="1.0" encoding="UTF-8"?>
<!-- Generated by org.testng.reporters.JUnitReportReporter -->
<testsuite hostname="SPNXIN-4CDJ924" failures="0" tests="1" name="day3.CookiesDemo" time="2.400" errors="0" timestamp="2024-07-18T16:05:07 IST" skipped="0">
  <testcase classname="day3.CookiesDemo" name="getCookiesInfo" time="2.400"/>
</testsuite> <!-- day3.CookiesDemo -->
