<?xml version="1.0" encoding="UTF-8"?>
<!-- Generated by org.testng.reporters.JUnitReportReporter -->
<testsuite hostname="SPNXIN-4CDJ924" failures="0" tests="2" name="day2.DifferentWaysToCreatePostRequestBody" time="3.633" errors="0" timestamp="2024-07-18T15:55:07 IST" skipped="0">
  <testcase classname="day2.DifferentWaysToCreatePostRequestBody" name="testPostRequestusingExternalJSON" time="2.860"/>
  <testcase classname="day2.DifferentWaysToCreatePostRequestBody" name="testPostusingHashMap" time="0.773"/>
</testsuite> <!-- day2.DifferentWaysToCreatePostRequestBody -->
