<?xml version="1.0" encoding="UTF-8"?>
<!-- Generated by org.testng.reporters.JUnitReportReporter -->
<testsuite hostname="SPNXIN-4CDJ924" failures="0" tests="1" name="day3.HeadersDemo" time="1.952" errors="0" timestamp="2024-07-11T22:50:56 IST" skipped="0">
  <testcase classname="day3.HeadersDemo" name="getHeaders" time="1.952"/>
</testsuite> <!-- day3.HeadersDemo -->
