<?xml version="1.0" encoding="UTF-8"?>
<!-- Generated by org.testng.reporters.JUnitReportReporter -->
<testsuite hostname="SPNXIN-4CDJ924" failures="0" tests="1" name="day6.SerializationDeserialization" time="0.333" errors="0" timestamp="2024-07-17T22:22:26 IST" skipped="0">
  <testcase classname="day6.SerializationDeserialization" name="convertJson2Pojo" time="0.333"/>
</testsuite> <!-- day6.SerializationDeserialization -->
