<?xml version="1.0" encoding="UTF-8"?>
<!-- Generated by org.testng.reporters.JUnitReportReporter -->
<testsuite hostname="SPNXIN-4CDJ924" failures="0" tests="1" name="day8.DeleteUser" time="1.676" errors="0" timestamp="2024-07-18T01:07:08 IST" skipped="0">
  <testcase classname="day8.DeleteUser" name="testDeleteUser" time="1.676"/>
</testsuite> <!-- day8.DeleteUser -->
