<?xml version="1.0" encoding="UTF-8"?>
<!-- Generated by org.testng.reporters.JUnitReportReporter -->
<testsuite hostname="SPNXIN-4CDJ924" failures="0" tests="1" name="day7.FakerDataGenerator" time="0.732" errors="0" timestamp="2024-07-17T23:51:14 IST" skipped="0">
  <testcase classname="day7.FakerDataGenerator" name="testGenerateDummyData" time="0.732"/>
</testsuite> <!-- day7.FakerDataGenerator -->
