<?xml version="1.0" encoding="UTF-8"?>
<!-- Generated by org.testng.reporters.JUnitReportReporter -->
<testsuite hostname="SPNXIN-4CDJ924" failures="0" tests="4" name="day1.HTTPRequests" time="4.297" errors="0" timestamp="2024-06-19T20:37:37 IST" skipped="0">
  <testcase classname="day1.HTTPRequests" name="getUsers" time="2.506"/>
  <testcase classname="day1.HTTPRequests" name="createUser" time="0.844"/>
  <testcase classname="day1.HTTPRequests" name="updateUser" time="0.481"/>
  <testcase classname="day1.HTTPRequests" name="deleteUser" time="0.466"/>
</testsuite> <!-- day1.HTTPRequests -->
