<?xml version="1.0" encoding="UTF-8"?>
<!-- Generated by org.testng.reporters.JUnitReportReporter -->
<testsuite hostname="SPNXIN-4CDJ924" failures="0" tests="3" name="day4.ParsingJSONResponseData" time="2.490" errors="0" timestamp="2024-07-20T14:11:47 IST" skipped="0">
  <testcase classname="day4.ParsingJSONResponseData" name="testJsonResponseBodyData" time="0.128"/>
  <testcase classname="day4.ParsingJSONResponseData" name="testJsonResponse2" time="2.180"/>
  <testcase classname="day4.ParsingJSONResponseData" name="testJsonResponse" time="0.182"/>
</testsuite> <!-- day4.ParsingJSONResponseData -->
