<?xml version="1.0" encoding="UTF-8"?>
<!-- Generated by org.testng.reporters.JUnitReportReporter -->
<testsuite hostname="SPNXIN-4CDJ924" failures="0" tests="1" name="day3.PathAndQueryParameters" time="3.257" errors="0" timestamp="2024-07-11T10:20:15 IST" skipped="0">
  <testcase classname="day3.PathAndQueryParameters" name="testQueryAndPathParameters" time="3.257"/>
</testsuite> <!-- day3.PathAndQueryParameters -->
